Determining if the pthread_create exist failed with the following output:
Change Dir: /home/lukas/src/intervaltree/cmake-build-debug/CMakeFiles/CMakeTmp

Run Build Command:"/usr/bin/make" "cmTC_b70da/fast"
/usr/bin/make -f CMakeFiles/cmTC_b70da.dir/build.make CMakeFiles/cmTC_b70da.dir/build
make[1]: Entering directory '/home/lukas/src/intervaltree/cmake-build-debug/CMakeFiles/CMakeTmp'
Building C object CMakeFiles/cmTC_b70da.dir/CheckSymbolExists.c.o
/usr/bin/cc    -o CMakeFiles/cmTC_b70da.dir/CheckSymbolExists.c.o   -c /home/lukas/src/intervaltree/cmake-build-debug/CMakeFiles/CMakeTmp/CheckSymbolExists.c
Linking C executable cmTC_b70da
/home/lukas/opt/clion/clion-2017.2.1/bin/cmake/bin/cmake -E cmake_link_script CMakeFiles/cmTC_b70da.dir/link.txt --verbose=1
/usr/bin/cc      -rdynamic CMakeFiles/cmTC_b70da.dir/CheckSymbolExists.c.o  -o cmTC_b70da 
CMakeFiles/cmTC_b70da.dir/CheckSymbolExists.c.o: In function `main':
CheckSymbolExists.c:(.text+0x16): undefined reference to `pthread_create'
collect2: error: ld returned 1 exit status
CMakeFiles/cmTC_b70da.dir/build.make:97: recipe for target 'cmTC_b70da' failed
make[1]: *** [cmTC_b70da] Error 1
make[1]: Leaving directory '/home/lukas/src/intervaltree/cmake-build-debug/CMakeFiles/CMakeTmp'
Makefile:126: recipe for target 'cmTC_b70da/fast' failed
make: *** [cmTC_b70da/fast] Error 2

File /home/lukas/src/intervaltree/cmake-build-debug/CMakeFiles/CMakeTmp/CheckSymbolExists.c:
/* */
#include <pthread.h>

int main(int argc, char** argv)
{
  (void)argv;
#ifndef pthread_create
  return ((int*)(&pthread_create))[argc];
#else
  (void)argc;
  return 0;
#endif
}

Determining if the function pthread_create exists in the pthreads failed with the following output:
Change Dir: /home/lukas/src/intervaltree/cmake-build-debug/CMakeFiles/CMakeTmp

Run Build Command:"/usr/bin/make" "cmTC_2570c/fast"
/usr/bin/make -f CMakeFiles/cmTC_2570c.dir/build.make CMakeFiles/cmTC_2570c.dir/build
make[1]: Entering directory '/home/lukas/src/intervaltree/cmake-build-debug/CMakeFiles/CMakeTmp'
Building C object CMakeFiles/cmTC_2570c.dir/CheckFunctionExists.c.o
/usr/bin/cc   -DCHECK_FUNCTION_EXISTS=pthread_create   -o CMakeFiles/cmTC_2570c.dir/CheckFunctionExists.c.o   -c /home/lukas/opt/clion/clion-2017.2.1/bin/cmake/share/cmake-3.8/Modules/CheckFunctionExists.c
Linking C executable cmTC_2570c
/home/lukas/opt/clion/clion-2017.2.1/bin/cmake/bin/cmake -E cmake_link_script CMakeFiles/cmTC_2570c.dir/link.txt --verbose=1
/usr/bin/cc  -DCHECK_FUNCTION_EXISTS=pthread_create    -rdynamic CMakeFiles/cmTC_2570c.dir/CheckFunctionExists.c.o  -o cmTC_2570c -lpthreads 
/usr/bin/ld: cannot find -lpthreads
collect2: error: ld returned 1 exit status
CMakeFiles/cmTC_2570c.dir/build.make:97: recipe for target 'cmTC_2570c' failed
make[1]: *** [cmTC_2570c] Error 1
make[1]: Leaving directory '/home/lukas/src/intervaltree/cmake-build-debug/CMakeFiles/CMakeTmp'
Makefile:126: recipe for target 'cmTC_2570c/fast' failed
make: *** [cmTC_2570c/fast] Error 2


